<?xml version="1.0" encoding="UTF-8"?>
<testng-results ignored="0" total="4" passed="3" failed="1" skipped="0">
  <reporter-output>
  </reporter-output>
  <suite started-at="2025-07-03T10:51:45 IST" name="Default suite" finished-at="2025-07-03T10:53:19 IST" duration-ms="93431">
    <groups>
    </groups>
    <test started-at="2025-07-03T10:51:45 IST" name="Default test" finished-at="2025-07-03T10:53:19 IST" duration-ms="93431">
      <class name="com.hacksack.testsuites.hsmh_testcases">
        <test-method is-config="true" signature="setup()[pri:0, instance:com.hacksack.testsuites.hsmh_testcases@55b0dcab]" started-at="2025-07-03T10:51:43 IST" name="setup" finished-at="2025-07-03T10:51:45 IST" duration-ms="2342" status="PASS">
          <reporter-output>
          </reporter-output>
        </test-method> <!-- setup -->
        <test-method is-config="true" signature="launch()[pri:0, instance:com.hacksack.testsuites.hsmh_testcases@55b0dcab]" started-at="2025-07-03T10:51:45 IST" name="launch" finished-at="2025-07-03T10:52:22 IST" duration-ms="36471" status="PASS">
          <reporter-output>
          </reporter-output>
        </test-method> <!-- launch -->
        <test-method is-config="true" signature="startTest(java.lang.reflect.Method)[pri:0, instance:com.hacksack.testsuites.hsmh_testcases@55b0dcab]" started-at="2025-07-03T10:52:22 IST" name="startTest" finished-at="2025-07-03T10:52:22 IST" duration-ms="7" status="PASS">
          <params>
            <param index="0">
              <value>
                <![CDATA[public void com.hacksack.testsuites.hsmh_testcases.VerifyPageLoads()]]>
              </value>
            </param>
          </params>
          <reporter-output>
          </reporter-output>
        </test-method> <!-- startTest -->
        <test-method signature="VerifyPageLoads()[pri:0, instance:com.hacksack.testsuites.hsmh_testcases@55b0dcab]" started-at="2025-07-03T10:52:22 IST" name="VerifyPageLoads" finished-at="2025-07-03T10:52:22 IST" duration-ms="52" status="PASS">
          <reporter-output>
          </reporter-output>
        </test-method> <!-- VerifyPageLoads -->
        <test-method is-config="true" signature="teardownMethod(org.testng.ITestResult)[pri:0, instance:com.hacksack.testsuites.hsmh_testcases@55b0dcab]" started-at="2025-07-03T10:52:22 IST" name="teardownMethod" finished-at="2025-07-03T10:52:22 IST" duration-ms="7" status="PASS">
          <params>
            <param index="0">
              <value>
                <![CDATA[[TestResult name=VerifyPageLoads status=SUCCESS method=hsmh_testcases.VerifyPageLoads()[pri:0, instance:com.hacksack.testsuites.hsmh_testcases@55b0dcab] output={null}]]]>
              </value>
            </param>
          </params>
          <reporter-output>
          </reporter-output>
        </test-method> <!-- teardownMethod -->
        <test-method signature="verifyPageTitle()[pri:1, instance:com.hacksack.testsuites.hsmh_testcases@55b0dcab]" started-at="2025-07-03T10:52:22 IST" name="verifyPageTitle" finished-at="2025-07-03T10:52:22 IST" duration-ms="10" status="PASS">
          <reporter-output>
          </reporter-output>
        </test-method> <!-- verifyPageTitle -->
        <test-method is-config="true" signature="startTest(java.lang.reflect.Method)[pri:0, instance:com.hacksack.testsuites.hsmh_testcases@55b0dcab]" started-at="2025-07-03T10:52:22 IST" name="startTest" finished-at="2025-07-03T10:52:22 IST" duration-ms="0" status="PASS">
          <params>
            <param index="0">
              <value>
                <![CDATA[public void com.hacksack.testsuites.hsmh_testcases.verifyPageTitle()]]>
              </value>
            </param>
          </params>
          <reporter-output>
          </reporter-output>
        </test-method> <!-- startTest -->
        <test-method is-config="true" signature="teardownMethod(org.testng.ITestResult)[pri:0, instance:com.hacksack.testsuites.hsmh_testcases@55b0dcab]" started-at="2025-07-03T10:52:22 IST" name="teardownMethod" finished-at="2025-07-03T10:52:22 IST" duration-ms="1" status="PASS">
          <params>
            <param index="0">
              <value>
                <![CDATA[[TestResult name=verifyPageTitle status=SUCCESS method=hsmh_testcases.verifyPageTitle()[pri:1, instance:com.hacksack.testsuites.hsmh_testcases@55b0dcab] output={null}]]]>
              </value>
            </param>
          </params>
          <reporter-output>
          </reporter-output>
        </test-method> <!-- teardownMethod -->
        <test-method is-config="true" signature="startTest(java.lang.reflect.Method)[pri:0, instance:com.hacksack.testsuites.hsmh_testcases@55b0dcab]" started-at="2025-07-03T10:52:22 IST" name="startTest" finished-at="2025-07-03T10:52:22 IST" duration-ms="1" status="PASS">
          <params>
            <param index="0">
              <value>
                <![CDATA[public void com.hacksack.testsuites.hsmh_testcases.verifyFindDoctor()]]>
              </value>
            </param>
          </params>
          <reporter-output>
          </reporter-output>
        </test-method> <!-- startTest -->
        <test-method signature="verifyFindDoctor()[pri:2, instance:com.hacksack.testsuites.hsmh_testcases@55b0dcab]" started-at="2025-07-03T10:52:22 IST" name="verifyFindDoctor" finished-at="2025-07-03T10:52:58 IST" duration-ms="36179" status="PASS">
          <reporter-output>
          </reporter-output>
        </test-method> <!-- verifyFindDoctor -->
        <test-method is-config="true" signature="teardownMethod(org.testng.ITestResult)[pri:0, instance:com.hacksack.testsuites.hsmh_testcases@55b0dcab]" started-at="2025-07-03T10:52:58 IST" name="teardownMethod" finished-at="2025-07-03T10:52:58 IST" duration-ms="1" status="PASS">
          <params>
            <param index="0">
              <value>
                <![CDATA[[TestResult name=verifyFindDoctor status=SUCCESS method=hsmh_testcases.verifyFindDoctor()[pri:2, instance:com.hacksack.testsuites.hsmh_testcases@55b0dcab] output={null}]]]>
              </value>
            </param>
          </params>
          <reporter-output>
          </reporter-output>
        </test-method> <!-- teardownMethod -->
        <test-method is-config="true" signature="startTest(java.lang.reflect.Method)[pri:0, instance:com.hacksack.testsuites.hsmh_testcases@55b0dcab]" started-at="2025-07-03T10:52:58 IST" name="startTest" finished-at="2025-07-03T10:52:58 IST" duration-ms="1" status="PASS">
          <params>
            <param index="0">
              <value>
                <![CDATA[public void com.hacksack.testsuites.hsmh_testcases.HoverClickHospitals() throws java.lang.InterruptedException]]>
              </value>
            </param>
          </params>
          <reporter-output>
          </reporter-output>
        </test-method> <!-- startTest -->
        <test-method signature="HoverClickHospitals()[pri:3, instance:com.hacksack.testsuites.hsmh_testcases@55b0dcab]" started-at="2025-07-03T10:52:58 IST" name="HoverClickHospitals" finished-at="2025-07-03T10:53:18 IST" duration-ms="20033" status="FAIL">
          <exception class="org.openqa.selenium.NoSuchElementException">
            <message>
              <![CDATA[no such element: Unable to locate element: {"method":"xpath","selector":"//span[contains(text(),'Find a Location')]"}
  (Session info: chrome=137.0.7151.120)
For documentation on this error, please visit: https://www.selenium.dev/documentation/webdriver/troubleshooting/errors#no-such-element-exception
Build info: version: '4.33.0', revision: '2c6aaad03a'
System info: os.name: 'Windows 11', os.arch: 'amd64', os.version: '10.0', java.version: '23.0.1'
Driver info: org.openqa.selenium.chrome.ChromeDriver
Command: [571a19bd028c6e947cacd4107f9b254c, findElement {value=//span[contains(text(),'Find a Location')], using=xpath}]
Capabilities {acceptInsecureCerts: false, browserName: chrome, browserVersion: 137.0.7151.120, chrome: {chromedriverVersion: 137.0.7151.119 (e0ac9d12dff..., userDataDir: C:\Users\lenovo\AppData\Loc...}, fedcm:accounts: true, goog:chromeOptions: {debuggerAddress: localhost:10212}, networkConnectionEnabled: false, pageLoadStrategy: normal, platformName: windows, proxy: Proxy(), se:cdp: ws://localhost:10212/devtoo..., se:cdpVersion: 137.0.7151.120, setWindowRect: true, strictFileInteractability: false, timeouts: {implicit: 0, pageLoad: 300000, script: 30000}, unhandledPromptBehavior: dismiss and notify, webauthn:extension:credBlob: true, webauthn:extension:largeBlob: true, webauthn:extension:minPinLength: true, webauthn:extension:prf: true, webauthn:virtualAuthenticators: true}
Session ID: 571a19bd028c6e947cacd4107f9b254c]]>
            </message>
            <full-stacktrace>
              <![CDATA[org.openqa.selenium.NoSuchElementException: no such element: Unable to locate element: {"method":"xpath","selector":"//span[contains(text(),'Find a Location')]"}
  (Session info: chrome=137.0.7151.120)
For documentation on this error, please visit: https://www.selenium.dev/documentation/webdriver/troubleshooting/errors#no-such-element-exception
Build info: version: '4.33.0', revision: '2c6aaad03a'
System info: os.name: 'Windows 11', os.arch: 'amd64', os.version: '10.0', java.version: '23.0.1'
Driver info: org.openqa.selenium.chrome.ChromeDriver
Command: [571a19bd028c6e947cacd4107f9b254c, findElement {value=//span[contains(text(),'Find a Location')], using=xpath}]
Capabilities {acceptInsecureCerts: false, browserName: chrome, browserVersion: 137.0.7151.120, chrome: {chromedriverVersion: 137.0.7151.119 (e0ac9d12dff..., userDataDir: C:\Users\lenovo\AppData\Loc...}, fedcm:accounts: true, goog:chromeOptions: {debuggerAddress: localhost:10212}, networkConnectionEnabled: false, pageLoadStrategy: normal, platformName: windows, proxy: Proxy(), se:cdp: ws://localhost:10212/devtoo..., se:cdpVersion: 137.0.7151.120, setWindowRect: true, strictFileInteractability: false, timeouts: {implicit: 0, pageLoad: 300000, script: 30000}, unhandledPromptBehavior: dismiss and notify, webauthn:extension:credBlob: true, webauthn:extension:largeBlob: true, webauthn:extension:minPinLength: true, webauthn:extension:prf: true, webauthn:virtualAuthenticators: true}
Session ID: 571a19bd028c6e947cacd4107f9b254c
at java.base/jdk.internal.reflect.DirectConstructorHandleAccessor.newInstance(DirectConstructorHandleAccessor.java:62)
at java.base/java.lang.reflect.Constructor.newInstanceWithCaller(Constructor.java:501)
at java.base/java.lang.reflect.Constructor.newInstance(Constructor.java:485)
at org.openqa.selenium.remote.ErrorCodec.decode(ErrorCodec.java:167)
at org.openqa.selenium.remote.codec.w3c.W3CHttpResponseCodec.decode(W3CHttpResponseCodec.java:138)
at org.openqa.selenium.remote.codec.w3c.W3CHttpResponseCodec.decode(W3CHttpResponseCodec.java:50)
at org.openqa.selenium.remote.HttpCommandExecutor.execute(HttpCommandExecutor.java:215)
at org.openqa.selenium.remote.service.DriverCommandExecutor.invokeExecute(DriverCommandExecutor.java:216)
at org.openqa.selenium.remote.service.DriverCommandExecutor.execute(DriverCommandExecutor.java:174)
at org.openqa.selenium.remote.RemoteWebDriver.execute(RemoteWebDriver.java:544)
at org.openqa.selenium.remote.ElementLocation$ElementFinder$2.findElement(ElementLocation.java:165)
at org.openqa.selenium.remote.ElementLocation.findElement(ElementLocation.java:59)
at org.openqa.selenium.remote.RemoteWebDriver.findElement(RemoteWebDriver.java:367)
at org.openqa.selenium.remote.RemoteWebDriver.findElement(RemoteWebDriver.java:361)
at com.hacksack.testsuites.hsmh_testcases.HoverClickHospitals(hsmh_testcases.java:51)
at java.base/jdk.internal.reflect.DirectMethodHandleAccessor.invoke(DirectMethodHandleAccessor.java:103)
at java.base/java.lang.reflect.Method.invoke(Method.java:580)
at org.testng.internal.invokers.MethodInvocationHelper.invokeMethod(MethodInvocationHelper.java:139)
at org.testng.internal.invokers.TestInvoker.invokeMethod(TestInvoker.java:677)
at org.testng.internal.invokers.TestInvoker.invokeTestMethod(TestInvoker.java:221)
at org.testng.internal.invokers.MethodRunner.runInSequence(MethodRunner.java:50)
at org.testng.internal.invokers.TestInvoker$MethodInvocationAgent.invoke(TestInvoker.java:969)
at org.testng.internal.invokers.TestInvoker.invokeTestMethods(TestInvoker.java:194)
at org.testng.internal.invokers.TestMethodWorker.invokeTestMethods(TestMethodWorker.java:148)
at org.testng.internal.invokers.TestMethodWorker.run(TestMethodWorker.java:128)
at java.base/java.util.ArrayList.forEach(ArrayList.java:1597)
at org.testng.TestRunner.privateRun(TestRunner.java:829)
at org.testng.TestRunner.run(TestRunner.java:602)
at org.testng.SuiteRunner.runTest(SuiteRunner.java:437)
at org.testng.SuiteRunner.runSequentially(SuiteRunner.java:431)
at org.testng.SuiteRunner.privateRun(SuiteRunner.java:391)
at org.testng.SuiteRunner.run(SuiteRunner.java:330)
at org.testng.SuiteRunnerWorker.runSuite(SuiteRunnerWorker.java:52)
at org.testng.SuiteRunnerWorker.run(SuiteRunnerWorker.java:95)
at org.testng.TestNG.runSuitesSequentially(TestNG.java:1256)
at org.testng.TestNG.runSuitesLocally(TestNG.java:1176)
at org.testng.TestNG.runSuites(TestNG.java:1099)
at org.testng.TestNG.run(TestNG.java:1067)
at org.testng.remote.AbstractRemoteTestNG.run(AbstractRemoteTestNG.java:115)
at org.testng.remote.RemoteTestNG.initAndRun(RemoteTestNG.java:293)
at org.testng.remote.RemoteTestNG.main(RemoteTestNG.java:91)
]]>
            </full-stacktrace>
          </exception> <!-- org.openqa.selenium.NoSuchElementException -->
          <reporter-output>
          </reporter-output>
        </test-method> <!-- HoverClickHospitals -->
        <test-method is-config="true" signature="teardownMethod(org.testng.ITestResult)[pri:0, instance:com.hacksack.testsuites.hsmh_testcases@55b0dcab]" started-at="2025-07-03T10:53:18 IST" name="teardownMethod" finished-at="2025-07-03T10:53:18 IST" duration-ms="144" status="PASS">
          <params>
            <param index="0">
              <value>
                <![CDATA[[TestResult name=HoverClickHospitals status=FAILURE method=hsmh_testcases.HoverClickHospitals()[pri:3, instance:com.hacksack.testsuites.hsmh_testcases@55b0dcab] output={null}]]]>
              </value>
            </param>
          </params>
          <reporter-output>
          </reporter-output>
        </test-method> <!-- teardownMethod -->
        <test-method is-config="true" signature="quitBrowser()[pri:0, instance:com.hacksack.testsuites.hsmh_testcases@55b0dcab]" started-at="2025-07-03T10:53:18 IST" name="quitBrowser" finished-at="2025-07-03T10:53:19 IST" duration-ms="430" status="PASS">
          <reporter-output>
          </reporter-output>
        </test-method> <!-- quitBrowser -->
        <test-method is-config="true" signature="flushReport()[pri:0, instance:com.hacksack.testsuites.hsmh_testcases@55b0dcab]" started-at="2025-07-03T10:53:19 IST" name="flushReport" finished-at="2025-07-03T10:53:19 IST" duration-ms="286" status="PASS">
          <reporter-output>
          </reporter-output>
        </test-method> <!-- flushReport -->
      </class> <!-- com.hacksack.testsuites.hsmh_testcases -->
    </test> <!-- Default test -->
  </suite> <!-- Default suite -->
</testng-results>
